<?xml version="1.0" encoding="UTF-8"?>
<testng-results ignored="0" total="1" passed="1" failed="0" skipped="0">
  <reporter-output>
  </reporter-output>
  <suite started-at="2022-06-24T18:42:28 CEST" name="Suite" finished-at="2022-06-24T18:43:35 CEST" duration-ms="66975">
    <groups>
    </groups>
    <test started-at="2022-06-24T18:42:28 CEST" name="Test" finished-at="2022-06-24T18:43:35 CEST" duration-ms="66975">
      <class name="TestPackage.CreateSeizureTest">
        <test-method is-config="true" signature="initilaization()[pri:0, instance:TestPackage.CreateSeizureTest@71adfedd]" started-at="2022-06-24T18:42:28 CEST" name="initilaization" finished-at="2022-06-24T18:42:35 CEST" duration-ms="7707" status="PASS">
          <reporter-output>
          </reporter-output>
        </test-method> <!-- initilaization -->
        <test-method signature="locators()[pri:0, instance:TestPackage.CreateSeizureTest@71adfedd]" started-at="2022-06-24T18:42:35 CEST" name="locators" finished-at="2022-06-24T18:43:19 CEST" duration-ms="43049" status="PASS">
          <reporter-output>
          </reporter-output>
        </test-method> <!-- locators -->
        <test-method is-config="true" signature="deleteExistingSeizure()[pri:0, instance:TestPackage.CreateSeizureTest@71adfedd]" started-at="2022-06-24T18:43:19 CEST" name="deleteExistingSeizure" finished-at="2022-06-24T18:43:35 CEST" duration-ms="16084" status="PASS">
          <reporter-output>
          </reporter-output>
        </test-method> <!-- deleteExistingSeizure -->
      </class> <!-- TestPackage.CreateSeizureTest -->
    </test> <!-- Test -->
  </suite> <!-- Suite -->
</testng-results>
