<?xml version="1.0" encoding="UTF-8"?>
<testng-results ignored="0" total="2" passed="2" failed="0" skipped="0">
  <reporter-output>
  </reporter-output>
  <suite started-at="2022-06-21T15:28:49 CEST" name="Suite" finished-at="2022-06-21T15:29:00 CEST" duration-ms="11007">
    <groups>
    </groups>
    <test started-at="2022-06-21T15:28:49 CEST" name="Test" finished-at="2022-06-21T15:29:00 CEST" duration-ms="11007">
      <class name="MyTest.UsernameTest">
        <test-method is-config="true" signature="initilaization()[pri:0, instance:MyTest.UsernameTest@9301672]" started-at="2022-06-21T15:28:54 CEST" name="initilaization" finished-at="2022-06-21T15:28:58 CEST" duration-ms="3982" status="PASS">
          <reporter-output>
          </reporter-output>
        </test-method> <!-- initilaization -->
        <test-method signature="locators()[pri:0, instance:MyTest.UsernameTest@9301672]" started-at="2022-06-21T15:28:58 CEST" name="locators" finished-at="2022-06-21T15:28:59 CEST" duration-ms="718" status="PASS">
          <reporter-output>
          </reporter-output>
        </test-method> <!-- locators -->
      </class> <!-- MyTest.UsernameTest -->
      <class name="MyTest.LocaterTest">
        <test-method is-config="true" signature="initilaization()[pri:0, instance:MyTest.LocaterTest@68d6d775]" started-at="2022-06-21T15:28:49 CEST" name="initilaization" finished-at="2022-06-21T15:28:54 CEST" duration-ms="5500" status="PASS">
          <reporter-output>
          </reporter-output>
        </test-method> <!-- initilaization -->
        <test-method signature="locators()[pri:0, instance:MyTest.LocaterTest@68d6d775]" started-at="2022-06-21T15:28:59 CEST" name="locators" finished-at="2022-06-21T15:29:00 CEST" duration-ms="751" status="PASS">
          <reporter-output>
          </reporter-output>
        </test-method> <!-- locators -->
      </class> <!-- MyTest.LocaterTest -->
    </test> <!-- Test -->
  </suite> <!-- Suite -->
</testng-results>
