<?xml version="1.0" encoding="UTF-8"?>
<testng-results ignored="0" total="1" passed="1" failed="0" skipped="0">
  <reporter-output>
  </reporter-output>
  <suite started-at="2022-06-24T13:07:17 CEST" name="Suite" finished-at="2022-06-24T13:08:20 CEST" duration-ms="62375">
    <groups>
    </groups>
    <test started-at="2022-06-24T13:07:17 CEST" name="Test" finished-at="2022-06-24T13:08:20 CEST" duration-ms="62375">
      <class name="TestPackage.CreateSeizureTest">
        <test-method is-config="true" signature="initilaization()[pri:0, instance:TestPackage.CreateSeizureTest@201a4587]" started-at="2022-06-24T13:07:17 CEST" name="initilaization" finished-at="2022-06-24T13:07:23 CEST" duration-ms="6235" status="PASS">
          <reporter-output>
          </reporter-output>
        </test-method> <!-- initilaization -->
        <test-method signature="locators()[pri:0, instance:TestPackage.CreateSeizureTest@201a4587]" started-at="2022-06-24T13:07:23 CEST" name="locators" finished-at="2022-06-24T13:08:07 CEST" duration-ms="43983" status="PASS">
          <reporter-output>
          </reporter-output>
        </test-method> <!-- locators -->
        <test-method is-config="true" signature="deleteExistingSeizure()[pri:0, instance:TestPackage.CreateSeizureTest@201a4587]" started-at="2022-06-24T13:08:07 CEST" name="deleteExistingSeizure" finished-at="2022-06-24T13:08:20 CEST" duration-ms="12086" status="PASS">
          <reporter-output>
          </reporter-output>
        </test-method> <!-- deleteExistingSeizure -->
      </class> <!-- TestPackage.CreateSeizureTest -->
    </test> <!-- Test -->
  </suite> <!-- Suite -->
</testng-results>
